2020-08-24 15:17:51.283 DEBUG 10236 --- [main] o.m.s.b.a.MybatisAutoConfiguration       : Searching for mappers annotated with @Mapper
2020-08-24 15:17:51.285 DEBUG 10236 --- [main] o.m.s.b.a.MybatisAutoConfiguration       : Using auto-configuration base package 'com.sy'
2020-08-24 15:17:51.290  WARN 10236 --- [main] o.m.s.mapper.ClassPathMapperScanner      : No MyBatis mapper was found in '[com.sy]' package. Please check your configuration.
2020-08-24 15:17:51.347  INFO 10236 --- [main] .s.d.r.c.RepositoryConfigurationDelegate : Multiple Spring Data modules found, entering strict repository configuration mode!
2020-08-24 15:17:51.348  INFO 10236 --- [main] .s.d.r.c.RepositoryConfigurationDelegate : Bootstrapping Spring Data Elasticsearch repositories in DEFAULT mode.
2020-08-24 15:17:51.357  INFO 10236 --- [main] .s.d.r.c.RepositoryConfigurationDelegate : Finished Spring Data repository scanning in 6ms. Found 0 Elasticsearch repository interfaces.
2020-08-24 15:17:51.360  INFO 10236 --- [main] .s.d.r.c.RepositoryConfigurationDelegate : Multiple Spring Data modules found, entering strict repository configuration mode!
2020-08-24 15:17:51.360  INFO 10236 --- [main] .s.d.r.c.RepositoryConfigurationDelegate : Bootstrapping Spring Data Reactive Elasticsearch repositories in DEFAULT mode.
2020-08-24 15:17:51.364  INFO 10236 --- [main] .s.d.r.c.RepositoryConfigurationDelegate : Finished Spring Data repository scanning in 3ms. Found 0 Reactive Elasticsearch repository interfaces.
2020-08-24 15:17:51.373  INFO 10236 --- [main] .s.d.r.c.RepositoryConfigurationDelegate : Multiple Spring Data modules found, entering strict repository configuration mode!
2020-08-24 15:17:51.373  INFO 10236 --- [main] .s.d.r.c.RepositoryConfigurationDelegate : Bootstrapping Spring Data Redis repositories in DEFAULT mode.
2020-08-24 15:17:51.383  INFO 10236 --- [main] .s.d.r.c.RepositoryConfigurationDelegate : Finished Spring Data repository scanning in 3ms. Found 0 Redis repository interfaces.
2020-08-24 15:17:51.560  INFO 10236 --- [main] trationDelegate$BeanPostProcessorChecker : Bean 'org.apache.shiro.spring.boot.autoconfigure.ShiroBeanAutoConfiguration' of type [org.apache.shiro.spring.boot.autoconfigure.ShiroBeanAutoConfiguration$$EnhancerBySpringCGLIB$$6b01743f] is not eligible for getting processed by all BeanPostProcessors (for example: not eligible for auto-proxying)
2020-08-24 15:17:51.573  INFO 10236 --- [main] trationDelegate$BeanPostProcessorChecker : Bean 'org.apache.shiro.spring.boot.autoconfigure.ShiroAnnotationProcessorAutoConfiguration' of type [org.apache.shiro.spring.boot.autoconfigure.ShiroAnnotationProcessorAutoConfiguration$$EnhancerBySpringCGLIB$$6d94b2e4] is not eligible for getting processed by all BeanPostProcessors (for example: not eligible for auto-proxying)
2020-08-24 15:17:51.596  INFO 10236 --- [main] trationDelegate$BeanPostProcessorChecker : Bean 'eventBus' of type [org.apache.shiro.event.support.DefaultEventBus] is not eligible for getting processed by all BeanPostProcessors (for example: not eligible for auto-proxying)
2020-08-24 15:17:51.638  INFO 10236 --- [main] trationDelegate$BeanPostProcessorChecker : Bean 'org.apache.shiro.spring.config.web.autoconfigure.ShiroWebAutoConfiguration' of type [org.apache.shiro.spring.config.web.autoconfigure.ShiroWebAutoConfiguration$$EnhancerBySpringCGLIB$$8f9dd4a9] is not eligible for getting processed by all BeanPostProcessors (for example: not eligible for auto-proxying)
2020-08-24 15:17:51.642  INFO 10236 --- [main] trationDelegate$BeanPostProcessorChecker : Bean 'org.apache.shiro.spring.boot.autoconfigure.ShiroAutoConfiguration' of type [org.apache.shiro.spring.boot.autoconfigure.ShiroAutoConfiguration$$EnhancerBySpringCGLIB$$3101160f] is not eligible for getting processed by all BeanPostProcessors (for example: not eligible for auto-proxying)
2020-08-24 15:17:51.647  WARN 10236 --- [main] ConfigServletWebServerApplicationContext : Exception encountered during context initialization - cancelling refresh attempt: org.springframework.beans.factory.BeanCreationException: Error creating bean with name 'shiroEventBusAwareBeanPostProcessor' defined in class path resource [org/apache/shiro/spring/boot/autoconfigure/ShiroBeanAutoConfiguration.class]: Bean instantiation via factory method failed; nested exception is org.springframework.beans.BeanInstantiationException: Failed to instantiate [org.apache.shiro.spring.ShiroEventBusBeanPostProcessor]: Factory method 'shiroEventBusAwareBeanPostProcessor' threw exception; nested exception is org.springframework.beans.factory.BeanCreationException: Error creating bean with name 'eventBus' defined in class path resource [org/apache/shiro/spring/boot/autoconfigure/ShiroBeanAutoConfiguration.class]: Initialization of bean failed; nested exception is org.springframework.beans.factory.BeanCreationException: Error creating bean with name 'org.springframework.transaction.annotation.ProxyTransactionManagementConfiguration': Initialization of bean failed; nested exception is org.springframework.beans.factory.UnsatisfiedDependencyException: Error creating bean with name 'authorizationAttributeSourceAdvisor' defined in class path resource [org/apache/shiro/spring/boot/autoconfigure/ShiroAnnotationProcessorAutoConfiguration.class]: Unsatisfied dependency expressed through method 'authorizationAttributeSourceAdvisor' parameter 0; nested exception is org.springframework.beans.factory.UnsatisfiedDependencyException: Error creating bean with name 'securityManager' defined in class path resource [org/apache/shiro/spring/config/web/autoconfigure/ShiroWebAutoConfiguration.class]: Unsatisfied dependency expressed through method 'securityManager' parameter 0; nested exception is org.springframework.beans.factory.BeanCreationException: Error creating bean with name 'missingRealm' defined in class path resource [org/apache/shiro/spring/boot/autoconfigure/ShiroAutoConfiguration.class]: Bean instantiation via factory method failed; nested exception is org.springframework.beans.BeanInstantiationException: Failed to instantiate [org.apache.shiro.realm.Realm]: Factory method 'missingRealm' threw exception; nested exception is org.apache.shiro.spring.boot.autoconfigure.exception.NoRealmBeanConfiguredException
2020-08-24 15:17:51.654  INFO 10236 --- [main] ConditionEvaluationReportLoggingListener : 

Error starting ApplicationContext. To display the conditions report re-run your application with 'debug' enabled.
2020-08-24 15:17:51.662 ERROR 10236 --- [main] o.s.b.d.LoggingFailureAnalysisReporter   : 

***************************
APPLICATION FAILED TO START
***************************

Description:

No bean of type 'org.apache.shiro.realm.Realm' found.

Action:

Please create bean of type 'Realm' or add a shiro.ini in the root classpath (src/main/resources/shiro.ini) or in the META-INF folder (src/main/resources/META-INF/shiro.ini).

